Flutter crash report.
Please report a bug at https://github.com/flutter/flutter/issues.

## command

flutter run --machine --start-paused -d chrome --devtools-server-address http://127.0.0.1:9100/ --target C:\workspace\flutter_project\lib\main.dart

## exception

StateError: Bad state: StreamSink is closed

```
#0      _StreamSinkImpl.add (dart:_http/http_impl.dart:919:7)
#1      _WebSocketImpl.add (dart:_http/websocket_impl.dart:1223:11)
#2      vmServiceConnectUriWithFactory.<anonymous closure> (package:vm_service/vm_service_io.dart:37:46)
#3      VmService._processRequest (package:vm_service/src/vm_service.dart:2030:18)
<asynchronous suspension>
```

## flutter doctor

```
[!] Flutter (Channel stable, 3.27.3, on Microsoft Windows [Version 10.0.19045.5371], locale en-IN)
    • Flutter version 3.27.3 on channel stable at E:\workspace\flutter
    ! Warning: `flutter` on your path resolves to C:\workspace\flutter\bin\flutter, which is not inside your current Flutter SDK checkout at E:\workspace\flutter. Consider adding E:\workspace\flutter\bin to the front of your path.
    ! Warning: `dart` on your path resolves to C:\workspace\flutter\bin\dart, which is not inside your current Flutter SDK checkout at E:\workspace\flutter. Consider adding E:\workspace\flutter\bin to the front of your path.
    • Upstream repository https://github.com/flutter/flutter.git
    • Framework revision c519ee916e (6 days ago), 2025-01-21 10:32:23 -0800
    • Engine revision e672b006cb
    • Dart version 3.6.1
    • DevTools version 2.40.2
    • If those were intentional, you can disregard the above warnings; however it is recommended to use "git" directly to perform update checks and upgrades.

[✓] Windows Version (Installed version of Windows is version 10 or higher)

[✓] Android toolchain - develop for Android devices (Android SDK version 35.0.0)
    • Android SDK at C:\Users\Marian\AppData\Local\Android\sdk
    • Platform android-35-ext14, build-tools 35.0.0
    • Java binary at: C:\Program Files\Android\Android Studio\jbr\bin\java
    • Java version OpenJDK Runtime Environment (build 21.0.4+-12508038-b607.1)
    • All Android licenses accepted.

[✓] Chrome - develop for the web
    • Chrome at C:\Program Files\Google\Chrome\Application\chrome.exe

[!] Visual Studio - develop Windows apps (Visual Studio Build Tools 2019 16.11.43)
    • Visual Studio at C:\Program Files (x86)\Microsoft Visual Studio\2019\BuildTools
    • Visual Studio Build Tools 2019 version 16.11.35706.149
    ✗ The current Visual Studio installation is incomplete.
      Please use Visual Studio Installer to complete the installation or reinstall Visual Studio.

[✓] Android Studio (version 2024.2)
    • Android Studio at C:\Program Files\Android\Android Studio
    • Flutter plugin can be installed from:
      🔨 https://plugins.jetbrains.com/plugin/9212-flutter
    • Dart plugin can be installed from:
      🔨 https://plugins.jetbrains.com/plugin/6351-dart
    • Java version OpenJDK Runtime Environment (build 21.0.4+-12508038-b607.1)

[✓] VS Code (version 1.96.4)
    • VS Code at C:\Users\Marian\AppData\Local\Programs\Microsoft VS Code
    • Flutter extension version 3.102.0

[✓] Connected device (3 available)
    • Windows (desktop) • windows • windows-x64    • Microsoft Windows [Version 10.0.19045.5371]
    • Chrome (web)      • chrome  • web-javascript • Google Chrome 131.0.6778.267
    • Edge (web)        • edge    • web-javascript • Microsoft Edge 132.0.2957.127

[✓] Network resources
    • All expected network resources are available.

! Doctor found issues in 2 categories.
```
